<?xml version="1.0" encoding="UTF-8"?>
<testsuite xmlns:xsi="http://www.w3.org/2001/XMLSchema-instance" xsi:noNamespaceSchemaLocation="https://maven.apache.org/surefire/maven-surefire-plugin/xsd/surefire-test-report.xsd" version="3.0.2" name="com.autotune.analyzer.workerimpl.BulkJobManagerPassthroughTest$ClusterNamePassthroughTests" time="0.008" tests="4" errors="0" skipped="0" failures="0">
  <properties>
[...]
</properties>
  <testcase name="shouldReturnNullWhenBulkPayloadClusterIsNull" classname="com.autotune.analyzer.workerimpl.BulkJobManagerPassthroughTest$ClusterNamePassthroughTests" time="0.002"/>
  <testcase name="shouldReturnEmptyStringWhenBulkPayloadClusterIsEmpty" classname="com.autotune.analyzer.workerimpl.BulkJobManagerPassthroughTest$ClusterNamePassthroughTests" time="0.001"/>
  <testcase name="shouldReturnClusterNameFromBulkPayload" classname="com.autotune.analyzer.workerimpl.BulkJobManagerPassthroughTest$ClusterNamePassthroughTests" time="0.001"/>
  <testcase name="shouldHandleClusterNameWithSpecialCharacters" classname="com.autotune.analyzer.workerimpl.BulkJobManagerPassthroughTest$ClusterNamePassthroughTests" time="0.002"/>
</testsuite>